{"/Users/israelonibudo/Documents/Lafosse/alpha-project/project-alpha/server/controllers/questionsController.js": {"path":"/Users/israelonibudo/Documents/Lafosse/alpha-project/project-alpha/server/controllers/questionsController.js","statementMap":{"0":{"start":{"line":1,"column":18},"end":{"line":1,"column":48}},"1":{"start":{"line":4,"column":4},"end":{"line":10,"column":5}},"2":{"start":{"line":5,"column":17},"end":{"line":5,"column":30}},"3":{"start":{"line":6,"column":25},"end":{"line":6,"column":55}},"4":{"start":{"line":7,"column":8},"end":{"line":7,"column":38}},"5":{"start":{"line":9,"column":8},"end":{"line":9,"column":52}},"6":{"start":{"line":14,"column":4},"end":{"line":27,"column":5}},"7":{"start":{"line":15,"column":25},"end":{"line":15,"column":46}},"8":{"start":{"line":18,"column":8},"end":{"line":22,"column":9}},"9":{"start":{"line":19,"column":12},"end":{"line":19,"column":60}},"10":{"start":{"line":21,"column":12},"end":{"line":21,"column":67}},"11":{"start":{"line":24,"column":8},"end":{"line":24,"column":39}},"12":{"start":{"line":26,"column":8},"end":{"line":26,"column":52}},"13":{"start":{"line":40,"column":0},"end":{"line":44,"column":1}}},"fnMap":{"0":{"name":"show","decl":{"start":{"line":3,"column":15},"end":{"line":3,"column":19}},"loc":{"start":{"line":3,"column":31},"end":{"line":11,"column":1}},"line":3},"1":{"name":"getBySubjectCat","decl":{"start":{"line":13,"column":15},"end":{"line":13,"column":30}},"loc":{"start":{"line":13,"column":42},"end":{"line":28,"column":1}},"line":13}},"branchMap":{"0":{"loc":{"start":{"line":18,"column":8},"end":{"line":22,"column":9}},"type":"if","locations":[{"start":{"line":18,"column":8},"end":{"line":22,"column":9}},{"start":{"line":20,"column":15},"end":{"line":22,"column":9}}],"line":18}},"s":{"0":1,"1":2,"2":2,"3":2,"4":1,"5":1,"6":2,"7":2,"8":2,"9":0,"10":2,"11":1,"12":1,"13":1},"f":{"0":2,"1":2},"b":{"0":[0,2]},"_coverageSchema":"1a1c01bbd47fc00a2c39e90264f33305004495a9","hash":"e2857773639e1bf539375ce8212c6653e4934fec"}
,"/Users/israelonibudo/Documents/Lafosse/alpha-project/project-alpha/server/db/connect.js": {"path":"/Users/israelonibudo/Documents/Lafosse/alpha-project/project-alpha/server/db/connect.js","statementMap":{"0":{"start":{"line":1,"column":17},"end":{"line":1,"column":30}},"1":{"start":{"line":3,"column":11},"end":{"line":5,"column":2}},"2":{"start":{"line":7,"column":0},"end":{"line":7,"column":19}}},"fnMap":{},"branchMap":{},"s":{"0":4,"1":4,"2":4},"f":{},"b":{},"_coverageSchema":"1a1c01bbd47fc00a2c39e90264f33305004495a9","hash":"02cd73e4cfd1da49f546fa000cf21c1a9a9eb232"}
,"/Users/israelonibudo/Documents/Lafosse/alpha-project/project-alpha/server/models/Questions.js": {"path":"/Users/israelonibudo/Documents/Lafosse/alpha-project/project-alpha/server/models/Questions.js","statementMap":{"0":{"start":{"line":1,"column":11},"end":{"line":1,"column":35}},"1":{"start":{"line":5,"column":8},"end":{"line":5,"column":36}},"2":{"start":{"line":6,"column":8},"end":{"line":6,"column":32}},"3":{"start":{"line":7,"column":8},"end":{"line":7,"column":28}},"4":{"start":{"line":8,"column":8},"end":{"line":8,"column":34}},"5":{"start":{"line":9,"column":8},"end":{"line":9,"column":34}},"6":{"start":{"line":10,"column":8},"end":{"line":10,"column":38}},"7":{"start":{"line":11,"column":8},"end":{"line":11,"column":36}},"8":{"start":{"line":12,"column":8},"end":{"line":12,"column":36}},"9":{"start":{"line":16,"column":25},"end":{"line":16,"column":97}},"10":{"start":{"line":17,"column":8},"end":{"line":21,"column":9}},"11":{"start":{"line":18,"column":12},"end":{"line":18,"column":59}},"12":{"start":{"line":20,"column":12},"end":{"line":20,"column":50}},"13":{"start":{"line":25,"column":25},"end":{"line":25,"column":136}},"14":{"start":{"line":26,"column":8},"end":{"line":30,"column":9}},"15":{"start":{"line":27,"column":12},"end":{"line":27,"column":68}},"16":{"start":{"line":29,"column":12},"end":{"line":29,"column":64}},"17":{"start":{"line":29,"column":40},"end":{"line":29,"column":63}},"18":{"start":{"line":34,"column":25},"end":{"line":34,"column":102}},"19":{"start":{"line":35,"column":8},"end":{"line":39,"column":9}},"20":{"start":{"line":36,"column":12},"end":{"line":36,"column":68}},"21":{"start":{"line":38,"column":12},"end":{"line":38,"column":64}},"22":{"start":{"line":38,"column":40},"end":{"line":38,"column":63}},"23":{"start":{"line":52,"column":0},"end":{"line":52,"column":26}}},"fnMap":{"0":{"name":"(anonymous_0)","decl":{"start":{"line":4,"column":4},"end":{"line":4,"column":5}},"loc":{"start":{"line":4,"column":109},"end":{"line":13,"column":5}},"line":4},"1":{"name":"(anonymous_1)","decl":{"start":{"line":15,"column":4},"end":{"line":15,"column":5}},"loc":{"start":{"line":15,"column":32},"end":{"line":22,"column":5}},"line":15},"2":{"name":"(anonymous_2)","decl":{"start":{"line":24,"column":4},"end":{"line":24,"column":5}},"loc":{"start":{"line":24,"column":57},"end":{"line":31,"column":5}},"line":24},"3":{"name":"(anonymous_3)","decl":{"start":{"line":29,"column":28},"end":{"line":29,"column":29}},"loc":{"start":{"line":29,"column":40},"end":{"line":29,"column":63}},"line":29},"4":{"name":"(anonymous_4)","decl":{"start":{"line":33,"column":4},"end":{"line":33,"column":5}},"loc":{"start":{"line":33,"column":48},"end":{"line":40,"column":5}},"line":33},"5":{"name":"(anonymous_5)","decl":{"start":{"line":38,"column":28},"end":{"line":38,"column":29}},"loc":{"start":{"line":38,"column":40},"end":{"line":38,"column":63}},"line":38}},"branchMap":{"0":{"loc":{"start":{"line":17,"column":8},"end":{"line":21,"column":9}},"type":"if","locations":[{"start":{"line":17,"column":8},"end":{"line":21,"column":9}},{"start":{"line":19,"column":15},"end":{"line":21,"column":9}}],"line":17},"1":{"loc":{"start":{"line":24,"column":45},"end":{"line":24,"column":55}},"type":"default-arg","locations":[{"start":{"line":24,"column":53},"end":{"line":24,"column":55}}],"line":24},"2":{"loc":{"start":{"line":26,"column":8},"end":{"line":30,"column":9}},"type":"if","locations":[{"start":{"line":26,"column":8},"end":{"line":30,"column":9}},{"start":{"line":28,"column":15},"end":{"line":30,"column":9}}],"line":26},"3":{"loc":{"start":{"line":33,"column":36},"end":{"line":33,"column":46}},"type":"default-arg","locations":[{"start":{"line":33,"column":44},"end":{"line":33,"column":46}}],"line":33},"4":{"loc":{"start":{"line":35,"column":8},"end":{"line":39,"column":9}},"type":"if","locations":[{"start":{"line":35,"column":8},"end":{"line":39,"column":9}},{"start":{"line":37,"column":15},"end":{"line":39,"column":9}}],"line":35}},"s":{"0":2,"1":7,"2":7,"3":7,"4":7,"5":7,"6":7,"7":7,"8":7,"9":2,"10":2,"11":1,"12":1,"13":2,"14":2,"15":1,"16":1,"17":1,"18":2,"19":2,"20":1,"21":1,"22":1,"23":2},"f":{"0":7,"1":2,"2":2,"3":1,"4":2,"5":1},"b":{"0":[1,1],"1":[0],"2":[1,1],"3":[0],"4":[1,1]},"_coverageSchema":"1a1c01bbd47fc00a2c39e90264f33305004495a9","hash":"c2450fd35ba9fd1e339a0dc3c1b064d6158c15fb"}
,"/Users/israelonibudo/Documents/Lafosse/alpha-project/project-alpha/server/models/User.js": {"path":"/Users/israelonibudo/Documents/Lafosse/alpha-project/project-alpha/server/models/User.js","statementMap":{"0":{"start":{"line":1,"column":15},"end":{"line":1,"column":32}},"1":{"start":{"line":3,"column":11},"end":{"line":3,"column":35}},"2":{"start":{"line":7,"column":4},"end":{"line":7,"column":25}},"3":{"start":{"line":8,"column":4},"end":{"line":8,"column":21}},"4":{"start":{"line":9,"column":4},"end":{"line":9,"column":23}},"5":{"start":{"line":10,"column":4},"end":{"line":10,"column":29}},"6":{"start":{"line":11,"column":4},"end":{"line":11,"column":29}},"7":{"start":{"line":15,"column":21},"end":{"line":17,"column":6}},"8":{"start":{"line":18,"column":4},"end":{"line":20,"column":5}},"9":{"start":{"line":19,"column":6},"end":{"line":19,"column":40}},"10":{"start":{"line":21,"column":4},"end":{"line":21,"column":38}},"11":{"start":{"line":25,"column":21},"end":{"line":28,"column":5}},"12":{"start":{"line":30,"column":4},"end":{"line":32,"column":5}},"13":{"start":{"line":31,"column":6},"end":{"line":31,"column":44}},"14":{"start":{"line":33,"column":4},"end":{"line":33,"column":38}},"15":{"start":{"line":38,"column":48},"end":{"line":38,"column":52}},"16":{"start":{"line":41,"column":4},"end":{"line":43,"column":5}},"17":{"start":{"line":42,"column":6},"end":{"line":42,"column":51}},"18":{"start":{"line":45,"column":4},"end":{"line":66,"column":5}},"19":{"start":{"line":46,"column":23},"end":{"line":51,"column":7}},"20":{"start":{"line":53,"column":6},"end":{"line":55,"column":7}},"21":{"start":{"line":54,"column":8},"end":{"line":54,"column":49}},"22":{"start":{"line":57,"column":20},"end":{"line":57,"column":43}},"23":{"start":{"line":58,"column":6},"end":{"line":58,"column":42}},"24":{"start":{"line":61,"column":6},"end":{"line":64,"column":7}},"25":{"start":{"line":63,"column":8},"end":{"line":63,"column":60}},"26":{"start":{"line":65,"column":6},"end":{"line":65,"column":16}},"27":{"start":{"line":70,"column":46},"end":{"line":70,"column":50}},"28":{"start":{"line":73,"column":29},"end":{"line":73,"column":33}},"29":{"start":{"line":74,"column":4},"end":{"line":77,"column":5}},"30":{"start":{"line":75,"column":17},"end":{"line":75,"column":79}},"31":{"start":{"line":76,"column":4},"end":{"line":76,"column":59}},"32":{"start":{"line":78,"column":4},"end":{"line":99,"column":5}},"33":{"start":{"line":79,"column":23},"end":{"line":85,"column":80}},"34":{"start":{"line":87,"column":8},"end":{"line":91,"column":11}},"35":{"start":{"line":88,"column":14},"end":{"line":88,"column":66}},"36":{"start":{"line":90,"column":14},"end":{"line":90,"column":47}},"37":{"start":{"line":94,"column":6},"end":{"line":98,"column":7}},"38":{"start":{"line":95,"column":8},"end":{"line":95,"column":60}},"39":{"start":{"line":97,"column":8},"end":{"line":97,"column":18}},"40":{"start":{"line":103,"column":0},"end":{"line":103,"column":22}}},"fnMap":{"0":{"name":"(anonymous_0)","decl":{"start":{"line":6,"column":2},"end":{"line":6,"column":3}},"loc":{"start":{"line":6,"column":59},"end":{"line":12,"column":3}},"line":6},"1":{"name":"(anonymous_1)","decl":{"start":{"line":14,"column":2},"end":{"line":14,"column":3}},"loc":{"start":{"line":14,"column":30},"end":{"line":22,"column":3}},"line":14},"2":{"name":"(anonymous_2)","decl":{"start":{"line":24,"column":2},"end":{"line":24,"column":3}},"loc":{"start":{"line":24,"column":42},"end":{"line":34,"column":3}},"line":24},"3":{"name":"(anonymous_3)","decl":{"start":{"line":36,"column":2},"end":{"line":36,"column":3}},"loc":{"start":{"line":36,"column":32},"end":{"line":67,"column":3}},"line":36},"4":{"name":"(anonymous_4)","decl":{"start":{"line":69,"column":2},"end":{"line":69,"column":3}},"loc":{"start":{"line":69,"column":25},"end":{"line":100,"column":3}},"line":69}},"branchMap":{"0":{"loc":{"start":{"line":18,"column":4},"end":{"line":20,"column":5}},"type":"if","locations":[{"start":{"line":18,"column":4},"end":{"line":20,"column":5}},{"start":{},"end":{}}],"line":18},"1":{"loc":{"start":{"line":30,"column":4},"end":{"line":32,"column":5}},"type":"if","locations":[{"start":{"line":30,"column":4},"end":{"line":32,"column":5}},{"start":{},"end":{}}],"line":30},"2":{"loc":{"start":{"line":41,"column":4},"end":{"line":43,"column":5}},"type":"if","locations":[{"start":{"line":41,"column":4},"end":{"line":43,"column":5}},{"start":{},"end":{}}],"line":41},"3":{"loc":{"start":{"line":41,"column":8},"end":{"line":41,"column":49}},"type":"binary-expr","locations":[{"start":{"line":41,"column":8},"end":{"line":41,"column":13}},{"start":{"line":41,"column":17},"end":{"line":41,"column":23}},{"start":{"line":41,"column":27},"end":{"line":41,"column":36}},{"start":{"line":41,"column":40},"end":{"line":41,"column":49}}],"line":41},"4":{"loc":{"start":{"line":53,"column":6},"end":{"line":55,"column":7}},"type":"if","locations":[{"start":{"line":53,"column":6},"end":{"line":55,"column":7}},{"start":{},"end":{}}],"line":53},"5":{"loc":{"start":{"line":61,"column":6},"end":{"line":64,"column":7}},"type":"if","locations":[{"start":{"line":61,"column":6},"end":{"line":64,"column":7}},{"start":{},"end":{}}],"line":61},"6":{"loc":{"start":{"line":74,"column":4},"end":{"line":77,"column":5}},"type":"if","locations":[{"start":{"line":74,"column":4},"end":{"line":77,"column":5}},{"start":{},"end":{}}],"line":74},"7":{"loc":{"start":{"line":87,"column":8},"end":{"line":91,"column":11}},"type":"if","locations":[{"start":{"line":87,"column":8},"end":{"line":91,"column":11}},{"start":{"line":89,"column":17},"end":{"line":91,"column":11}}],"line":87},"8":{"loc":{"start":{"line":94,"column":6},"end":{"line":98,"column":7}},"type":"if","locations":[{"start":{"line":94,"column":6},"end":{"line":98,"column":7}},{"start":{"line":96,"column":13},"end":{"line":98,"column":7}}],"line":94}},"s":{"0":1,"1":1,"2":7,"3":7,"4":7,"5":7,"6":7,"7":2,"8":2,"9":1,"10":1,"11":2,"12":2,"13":1,"14":1,"15":3,"16":3,"17":1,"18":2,"19":2,"20":1,"21":0,"22":1,"23":1,"24":1,"25":1,"26":0,"27":3,"28":3,"29":3,"30":3,"31":3,"32":3,"33":3,"34":2,"35":1,"36":1,"37":2,"38":1,"39":1,"40":1},"f":{"0":7,"1":2,"2":2,"3":3,"4":3},"b":{"0":[1,1],"1":[1,1],"2":[1,2],"3":[3,2,2,2],"4":[0,1],"5":[1,0],"6":[3,0],"7":[1,1],"8":[1,1]},"_coverageSchema":"1a1c01bbd47fc00a2c39e90264f33305004495a9","hash":"a9a6b4290abbba8710438971df5986cd3ae0f3aa"}
,"/Users/israelonibudo/Documents/Lafosse/alpha-project/project-alpha/server/models/UserStats.js": {"path":"/Users/israelonibudo/Documents/Lafosse/alpha-project/project-alpha/server/models/UserStats.js","statementMap":{"0":{"start":{"line":1,"column":11},"end":{"line":1,"column":35}},"1":{"start":{"line":5,"column":8},"end":{"line":5,"column":38}},"2":{"start":{"line":6,"column":8},"end":{"line":6,"column":32}},"3":{"start":{"line":7,"column":8},"end":{"line":7,"column":50}},"4":{"start":{"line":8,"column":8},"end":{"line":8,"column":48}},"5":{"start":{"line":9,"column":8},"end":{"line":9,"column":40}},"6":{"start":{"line":10,"column":8},"end":{"line":10,"column":44}},"7":{"start":{"line":11,"column":8},"end":{"line":11,"column":44}},"8":{"start":{"line":12,"column":8},"end":{"line":12,"column":40}},"9":{"start":{"line":13,"column":8},"end":{"line":13,"column":34}},"10":{"start":{"line":19,"column":25},"end":{"line":19,"column":101}},"11":{"start":{"line":21,"column":8},"end":{"line":25,"column":9}},"12":{"start":{"line":22,"column":12},"end":{"line":22,"column":60}},"13":{"start":{"line":24,"column":12},"end":{"line":24,"column":50}},"14":{"start":{"line":29,"column":37},"end":{"line":29,"column":41}},"15":{"start":{"line":30,"column":8},"end":{"line":30,"column":26}},"16":{"start":{"line":32,"column":34},"end":{"line":32,"column":114}},"17":{"start":{"line":34,"column":8},"end":{"line":43,"column":9}},"18":{"start":{"line":35,"column":27},"end":{"line":38,"column":80}},"19":{"start":{"line":40,"column":12},"end":{"line":40,"column":50}},"20":{"start":{"line":42,"column":12},"end":{"line":42,"column":55}},"21":{"start":{"line":48,"column":136},"end":{"line":48,"column":140}},"22":{"start":{"line":50,"column":25},"end":{"line":59,"column":142}},"23":{"start":{"line":61,"column":8},"end":{"line":65,"column":9}},"24":{"start":{"line":62,"column":12},"end":{"line":62,"column":61}},"25":{"start":{"line":64,"column":12},"end":{"line":64,"column":50}},"26":{"start":{"line":69,"column":0},"end":{"line":69,"column":26}}},"fnMap":{"0":{"name":"(anonymous_0)","decl":{"start":{"line":4,"column":4},"end":{"line":4,"column":5}},"loc":{"start":{"line":4,"column":151},"end":{"line":14,"column":5}},"line":4},"1":{"name":"(anonymous_1)","decl":{"start":{"line":17,"column":4},"end":{"line":17,"column":5}},"loc":{"start":{"line":17,"column":50},"end":{"line":26,"column":5}},"line":17},"2":{"name":"(anonymous_2)","decl":{"start":{"line":28,"column":4},"end":{"line":28,"column":5}},"loc":{"start":{"line":28,"column":42},"end":{"line":45,"column":5}},"line":28},"3":{"name":"(anonymous_3)","decl":{"start":{"line":47,"column":4},"end":{"line":47,"column":5}},"loc":{"start":{"line":47,"column":32},"end":{"line":66,"column":5}},"line":47}},"branchMap":{"0":{"loc":{"start":{"line":21,"column":8},"end":{"line":25,"column":9}},"type":"if","locations":[{"start":{"line":21,"column":8},"end":{"line":25,"column":9}},{"start":{"line":23,"column":15},"end":{"line":25,"column":9}}],"line":21},"1":{"loc":{"start":{"line":34,"column":8},"end":{"line":43,"column":9}},"type":"if","locations":[{"start":{"line":34,"column":8},"end":{"line":43,"column":9}},{"start":{"line":41,"column":15},"end":{"line":43,"column":9}}],"line":34},"2":{"loc":{"start":{"line":61,"column":8},"end":{"line":65,"column":9}},"type":"if","locations":[{"start":{"line":61,"column":8},"end":{"line":65,"column":9}},{"start":{"line":63,"column":15},"end":{"line":65,"column":9}}],"line":61}},"s":{"0":1,"1":5,"2":5,"3":5,"4":5,"5":5,"6":5,"7":5,"8":5,"9":5,"10":2,"11":2,"12":1,"13":1,"14":2,"15":2,"16":2,"17":2,"18":1,"19":1,"20":1,"21":2,"22":2,"23":2,"24":1,"25":1,"26":1},"f":{"0":5,"1":2,"2":2,"3":2},"b":{"0":[1,1],"1":[1,1],"2":[1,1]},"_coverageSchema":"1a1c01bbd47fc00a2c39e90264f33305004495a9","hash":"99d56724e7e783b29c340461826a546f410aabc7"}
}
