{"C:\\Users\\Yuktha\\Desktop\\miamy\\project-alpha\\client\\__tests__\\helpers.js": {"path":"C:\\Users\\Yuktha\\Desktop\\miamy\\project-alpha\\client\\__tests__\\helpers.js","statementMap":{"0":{"start":{"line":2,"column":13},"end":{"line":2,"column":28}},"1":{"start":{"line":3,"column":14},"end":{"line":3,"column":30}},"2":{"start":{"line":5,"column":18},"end":{"line":5,"column":23}},"3":{"start":{"line":7,"column":18},"end":{"line":26,"column":1}},"4":{"start":{"line":9,"column":19},"end":{"line":9,"column":53}},"5":{"start":{"line":13,"column":14},"end":{"line":16,"column":4}},"6":{"start":{"line":18,"column":2},"end":{"line":25,"column":5}},"7":{"start":{"line":22,"column":4},"end":{"line":24,"column":7}},"8":{"start":{"line":23,"column":6},"end":{"line":23,"column":19}},"9":{"start":{"line":28,"column":0},"end":{"line":28,"column":31}}},"fnMap":{"0":{"name":"(anonymous_0)","decl":{"start":{"line":7,"column":18},"end":{"line":7,"column":19}},"loc":{"start":{"line":7,"column":38},"end":{"line":26,"column":1}},"line":7},"1":{"name":"(anonymous_1)","decl":{"start":{"line":18,"column":21},"end":{"line":18,"column":22}},"loc":{"start":{"line":18,"column":37},"end":{"line":25,"column":3}},"line":18},"2":{"name":"(anonymous_2)","decl":{"start":{"line":22,"column":61},"end":{"line":22,"column":62}},"loc":{"start":{"line":22,"column":67},"end":{"line":24,"column":5}},"line":22}},"branchMap":{},"s":{"0":5,"1":5,"2":5,"3":5,"4":26,"5":26,"6":26,"7":26,"8":26,"9":5},"f":{"0":26,"1":26,"2":26},"b":{},"_coverageSchema":"1a1c01bbd47fc00a2c39e90264f33305004495a9","hash":"d89e225ece951caa7b6ac28f0f233ec9747cb98f"}
,"C:\\Users\\Yuktha\\Desktop\\miamy\\project-alpha\\client\\js\\fetchQuestions.js": {"path":"C:\\Users\\Yuktha\\Desktop\\miamy\\project-alpha\\client\\js\\fetchQuestions.js","statementMap":{"0":{"start":{"line":2,"column":20},"end":{"line":2,"column":56}},"1":{"start":{"line":3,"column":2},"end":{"line":10,"column":3}},"2":{"start":{"line":4,"column":4},"end":{"line":9,"column":7}},"3":{"start":{"line":5,"column":6},"end":{"line":5,"column":25}},"4":{"start":{"line":6,"column":6},"end":{"line":6,"column":39}},"5":{"start":{"line":7,"column":6},"end":{"line":7,"column":41}},"6":{"start":{"line":8,"column":6},"end":{"line":8,"column":43}},"7":{"start":{"line":12,"column":4},"end":{"line":42,"column":5}},"8":{"start":{"line":13,"column":6},"end":{"line":13,"column":67}},"9":{"start":{"line":14,"column":22},"end":{"line":16,"column":7}},"10":{"start":{"line":18,"column":19},"end":{"line":21,"column":7}},"11":{"start":{"line":23,"column":6},"end":{"line":23,"column":51}},"12":{"start":{"line":24,"column":6},"end":{"line":24,"column":75}},"13":{"start":{"line":24,"column":20},"end":{"line":24,"column":75}},"14":{"start":{"line":26,"column":19},"end":{"line":26,"column":36}},"15":{"start":{"line":27,"column":6},"end":{"line":27,"column":45}},"16":{"start":{"line":29,"column":6},"end":{"line":29,"column":57}},"17":{"start":{"line":31,"column":6},"end":{"line":35,"column":7}},"18":{"start":{"line":32,"column":8},"end":{"line":32,"column":80}},"19":{"start":{"line":33,"column":8},"end":{"line":33,"column":62}},"20":{"start":{"line":34,"column":8},"end":{"line":34,"column":15}},"21":{"start":{"line":37,"column":6},"end":{"line":37,"column":60}},"22":{"start":{"line":38,"column":6},"end":{"line":38,"column":46}},"23":{"start":{"line":40,"column":6},"end":{"line":40,"column":53}},"24":{"start":{"line":41,"column":6},"end":{"line":41,"column":64}},"25":{"start":{"line":45,"column":4},"end":{"line":48,"column":5}},"26":{"start":{"line":46,"column":6},"end":{"line":46,"column":85}},"27":{"start":{"line":47,"column":6},"end":{"line":47,"column":13}},"28":{"start":{"line":50,"column":4},"end":{"line":50,"column":77}},"29":{"start":{"line":51,"column":4},"end":{"line":51,"column":77}},"30":{"start":{"line":53,"column":20},"end":{"line":53,"column":87}},"31":{"start":{"line":55,"column":4},"end":{"line":59,"column":5}},"32":{"start":{"line":56,"column":6},"end":{"line":56,"column":60}},"33":{"start":{"line":57,"column":6},"end":{"line":57,"column":65}},"34":{"start":{"line":58,"column":6},"end":{"line":58,"column":13}},"35":{"start":{"line":61,"column":4},"end":{"line":61,"column":44}},"36":{"start":{"line":61,"column":23},"end":{"line":61,"column":42}},"37":{"start":{"line":63,"column":4},"end":{"line":63,"column":36}},"38":{"start":{"line":64,"column":4},"end":{"line":75,"column":7}},"39":{"start":{"line":65,"column":18},"end":{"line":65,"column":50}},"40":{"start":{"line":66,"column":6},"end":{"line":66,"column":75}},"41":{"start":{"line":67,"column":6},"end":{"line":67,"column":28}},"42":{"start":{"line":69,"column":6},"end":{"line":72,"column":9}},"43":{"start":{"line":70,"column":8},"end":{"line":70,"column":89}},"44":{"start":{"line":70,"column":68},"end":{"line":70,"column":86}},"45":{"start":{"line":71,"column":8},"end":{"line":71,"column":40}},"46":{"start":{"line":74,"column":6},"end":{"line":74,"column":40}},"47":{"start":{"line":79,"column":4},"end":{"line":85,"column":7}},"48":{"start":{"line":87,"column":4},"end":{"line":96,"column":5}},"49":{"start":{"line":88,"column":6},"end":{"line":88,"column":14}},"50":{"start":{"line":89,"column":6},"end":{"line":89,"column":46}},"51":{"start":{"line":90,"column":6},"end":{"line":90,"column":50}},"52":{"start":{"line":91,"column":6},"end":{"line":91,"column":39}},"53":{"start":{"line":93,"column":6},"end":{"line":93,"column":59}},"54":{"start":{"line":94,"column":6},"end":{"line":94,"column":50}},"55":{"start":{"line":95,"column":6},"end":{"line":95,"column":38}},"56":{"start":{"line":98,"column":4},"end":{"line":105,"column":13}},"57":{"start":{"line":99,"column":6},"end":{"line":99,"column":21}},"58":{"start":{"line":100,"column":6},"end":{"line":104,"column":7}},"59":{"start":{"line":101,"column":8},"end":{"line":101,"column":48}},"60":{"start":{"line":103,"column":8},"end":{"line":103,"column":22}},"61":{"start":{"line":109,"column":4},"end":{"line":114,"column":5}},"62":{"start":{"line":110,"column":22},"end":{"line":110,"column":79}},"63":{"start":{"line":111,"column":6},"end":{"line":111,"column":67}},"64":{"start":{"line":113,"column":6},"end":{"line":113,"column":71}},"65":{"start":{"line":115,"column":24},"end":{"line":115,"column":94}},"66":{"start":{"line":116,"column":4},"end":{"line":116,"column":109}},"67":{"start":{"line":119,"column":0},"end":{"line":140,"column":3}},"68":{"start":{"line":120,"column":2},"end":{"line":120,"column":71}},"69":{"start":{"line":120,"column":64},"end":{"line":120,"column":71}},"70":{"start":{"line":122,"column":28},"end":{"line":122,"column":73}},"71":{"start":{"line":123,"column":30},"end":{"line":123,"column":67}},"72":{"start":{"line":124,"column":27},"end":{"line":124,"column":66}},"73":{"start":{"line":126,"column":17},"end":{"line":126,"column":60}},"74":{"start":{"line":127,"column":19},"end":{"line":127,"column":41}},"75":{"start":{"line":129,"column":18},"end":{"line":129,"column":20}},"76":{"start":{"line":130,"column":21},"end":{"line":130,"column":22}},"77":{"start":{"line":131,"column":14},"end":{"line":131,"column":15}},"78":{"start":{"line":132,"column":20},"end":{"line":132,"column":22}},"79":{"start":{"line":134,"column":2},"end":{"line":137,"column":3}},"80":{"start":{"line":135,"column":4},"end":{"line":135,"column":60}},"81":{"start":{"line":136,"column":4},"end":{"line":136,"column":11}},"82":{"start":{"line":139,"column":2},"end":{"line":139,"column":30}},"83":{"start":{"line":142,"column":0},"end":{"line":149,"column":1}},"84":{"start":{"line":143,"column":2},"end":{"line":148,"column":4}}},"fnMap":{"0":{"name":"(anonymous_0)","decl":{"start":{"line":4,"column":40},"end":{"line":4,"column":41}},"loc":{"start":{"line":4,"column":47},"end":{"line":9,"column":5}},"line":4},"1":{"name":"fetchQuestionData","decl":{"start":{"line":11,"column":16},"end":{"line":11,"column":33}},"loc":{"start":{"line":11,"column":44},"end":{"line":43,"column":3}},"line":11},"2":{"name":"renderQuestion","decl":{"start":{"line":44,"column":12},"end":{"line":44,"column":26}},"loc":{"start":{"line":44,"column":30},"end":{"line":76,"column":3}},"line":44},"3":{"name":"(anonymous_3)","decl":{"start":{"line":61,"column":17},"end":{"line":61,"column":18}},"loc":{"start":{"line":61,"column":23},"end":{"line":61,"column":42}},"line":61},"4":{"name":"(anonymous_4)","decl":{"start":{"line":64,"column":20},"end":{"line":64,"column":21}},"loc":{"start":{"line":64,"column":29},"end":{"line":75,"column":5}},"line":64},"5":{"name":"(anonymous_5)","decl":{"start":{"line":69,"column":36},"end":{"line":69,"column":37}},"loc":{"start":{"line":69,"column":42},"end":{"line":72,"column":7}},"line":69},"6":{"name":"(anonymous_6)","decl":{"start":{"line":70,"column":60},"end":{"line":70,"column":61}},"loc":{"start":{"line":70,"column":67},"end":{"line":70,"column":87}},"line":70},"7":{"name":"checkAnswer","decl":{"start":{"line":78,"column":11},"end":{"line":78,"column":22}},"loc":{"start":{"line":78,"column":47},"end":{"line":106,"column":3}},"line":78},"8":{"name":"(anonymous_8)","decl":{"start":{"line":98,"column":15},"end":{"line":98,"column":16}},"loc":{"start":{"line":98,"column":21},"end":{"line":105,"column":5}},"line":98},"9":{"name":"showResults","decl":{"start":{"line":108,"column":11},"end":{"line":108,"column":22}},"loc":{"start":{"line":108,"column":25},"end":{"line":117,"column":3}},"line":108},"10":{"name":"(anonymous_10)","decl":{"start":{"line":119,"column":46},"end":{"line":119,"column":47}},"loc":{"start":{"line":119,"column":52},"end":{"line":140,"column":1}},"line":119}},"branchMap":{"0":{"loc":{"start":{"line":3,"column":2},"end":{"line":10,"column":3}},"type":"if","locations":[{"start":{"line":3,"column":2},"end":{"line":10,"column":3}},{"start":{},"end":{}}],"line":3},"1":{"loc":{"start":{"line":24,"column":6},"end":{"line":24,"column":75}},"type":"if","locations":[{"start":{"line":24,"column":6},"end":{"line":24,"column":75}},{"start":{},"end":{}}],"line":24},"2":{"loc":{"start":{"line":29,"column":18},"end":{"line":29,"column":56}},"type":"cond-expr","locations":[{"start":{"line":29,"column":40},"end":{"line":29,"column":44}},{"start":{"line":29,"column":47},"end":{"line":29,"column":56}}],"line":29},"3":{"loc":{"start":{"line":31,"column":6},"end":{"line":35,"column":7}},"type":"if","locations":[{"start":{"line":31,"column":6},"end":{"line":35,"column":7}},{"start":{},"end":{}}],"line":31},"4":{"loc":{"start":{"line":31,"column":10},"end":{"line":31,"column":61}},"type":"binary-expr","locations":[{"start":{"line":31,"column":10},"end":{"line":31,"column":35}},{"start":{"line":31,"column":39},"end":{"line":31,"column":61}}],"line":31},"5":{"loc":{"start":{"line":45,"column":4},"end":{"line":48,"column":5}},"type":"if","locations":[{"start":{"line":45,"column":4},"end":{"line":48,"column":5}},{"start":{},"end":{}}],"line":45},"6":{"loc":{"start":{"line":50,"column":36},"end":{"line":50,"column":76}},"type":"binary-expr","locations":[{"start":{"line":50,"column":36},"end":{"line":50,"column":46}},{"start":{"line":50,"column":50},"end":{"line":50,"column":76}}],"line":50},"7":{"loc":{"start":{"line":51,"column":53},"end":{"line":51,"column":74}},"type":"binary-expr","locations":[{"start":{"line":51,"column":53},"end":{"line":51,"column":65}},{"start":{"line":51,"column":69},"end":{"line":51,"column":74}}],"line":51},"8":{"loc":{"start":{"line":55,"column":4},"end":{"line":59,"column":5}},"type":"if","locations":[{"start":{"line":55,"column":4},"end":{"line":59,"column":5}},{"start":{},"end":{}}],"line":55},"9":{"loc":{"start":{"line":81,"column":16},"end":{"line":81,"column":55}},"type":"binary-expr","locations":[{"start":{"line":81,"column":16},"end":{"line":81,"column":49}},{"start":{"line":81,"column":53},"end":{"line":81,"column":55}}],"line":81},"10":{"loc":{"start":{"line":87,"column":4},"end":{"line":96,"column":5}},"type":"if","locations":[{"start":{"line":87,"column":4},"end":{"line":96,"column":5}},{"start":{"line":92,"column":11},"end":{"line":96,"column":5}}],"line":87},"11":{"loc":{"start":{"line":100,"column":6},"end":{"line":104,"column":7}},"type":"if","locations":[{"start":{"line":100,"column":6},"end":{"line":104,"column":7}},{"start":{"line":102,"column":13},"end":{"line":104,"column":7}}],"line":100},"12":{"loc":{"start":{"line":116,"column":27},"end":{"line":116,"column":108}},"type":"cond-expr","locations":[{"start":{"line":116,"column":66},"end":{"line":116,"column":77}},{"start":{"line":116,"column":80},"end":{"line":116,"column":108}}],"line":116},"13":{"loc":{"start":{"line":120,"column":2},"end":{"line":120,"column":71}},"type":"if","locations":[{"start":{"line":120,"column":2},"end":{"line":120,"column":71}},{"start":{},"end":{}}],"line":120},"14":{"loc":{"start":{"line":134,"column":2},"end":{"line":137,"column":3}},"type":"if","locations":[{"start":{"line":134,"column":2},"end":{"line":137,"column":3}},{"start":{},"end":{}}],"line":134},"15":{"loc":{"start":{"line":142,"column":0},"end":{"line":149,"column":1}},"type":"if","locations":[{"start":{"line":142,"column":0},"end":{"line":149,"column":1}},{"start":{},"end":{}}],"line":142}},"s":{"0":1,"1":1,"2":0,"3":0,"4":0,"5":0,"6":0,"7":2,"8":2,"9":2,"10":2,"11":2,"12":2,"13":1,"14":1,"15":1,"16":1,"17":1,"18":0,"19":0,"20":0,"21":1,"22":1,"23":2,"24":2,"25":0,"26":0,"27":0,"28":0,"29":0,"30":0,"31":0,"32":0,"33":0,"34":0,"35":0,"36":0,"37":0,"38":0,"39":0,"40":0,"41":0,"42":0,"43":0,"44":0,"45":0,"46":0,"47":0,"48":0,"49":0,"50":0,"51":0,"52":0,"53":0,"54":0,"55":0,"56":0,"57":0,"58":0,"59":0,"60":0,"61":0,"62":0,"63":0,"64":0,"65":0,"66":0,"67":1,"68":0,"69":0,"70":0,"71":0,"72":0,"73":0,"74":0,"75":0,"76":0,"77":0,"78":0,"79":0,"80":0,"81":0,"82":0,"83":1,"84":1},"f":{"0":0,"1":2,"2":0,"3":0,"4":0,"5":0,"6":0,"7":0,"8":0,"9":0,"10":0},"b":{"0":[0,1],"1":[1,1],"2":[1,0],"3":[0,1],"4":[1,1],"5":[0,0],"6":[0,0],"7":[0,0],"8":[0,0],"9":[0,0],"10":[0,0],"11":[0,0],"12":[0,0],"13":[0,0],"14":[0,0],"15":[1,0]},"_coverageSchema":"1a1c01bbd47fc00a2c39e90264f33305004495a9","hash":"68f6e03e263a00710656b71dca6e0da60850f244"}
}
