TN:
SF:client\__tests__\helpers.js
FN:7,(anonymous_0)
FN:18,(anonymous_1)
FN:22,(anonymous_2)
FNF:3
FNH:3
FNDA:26,(anonymous_0)
FNDA:26,(anonymous_1)
FNDA:26,(anonymous_2)
DA:2,5
DA:3,5
DA:5,5
DA:7,5
DA:9,26
DA:13,26
DA:18,26
DA:22,26
DA:23,26
DA:28,5
LF:10
LH:10
BRF:0
BRH:0
end_of_record
TN:
SF:client\js\fetchQuestions.js
FN:4,(anonymous_0)
FN:11,fetchQuestionData
FN:44,renderQuestion
FN:61,(anonymous_3)
FN:64,(anonymous_4)
FN:69,(anonymous_5)
FN:70,(anonymous_6)
FN:78,checkAnswer
FN:98,(anonymous_8)
FN:108,showResults
FN:119,(anonymous_10)
FNF:11
FNH:1
FNDA:0,(anonymous_0)
FNDA:2,fetchQuestionData
FNDA:0,renderQuestion
FNDA:0,(anonymous_3)
FNDA:0,(anonymous_4)
FNDA:0,(anonymous_5)
FNDA:0,(anonymous_6)
FNDA:0,checkAnswer
FNDA:0,(anonymous_8)
FNDA:0,showResults
FNDA:0,(anonymous_10)
DA:2,1
DA:3,1
DA:4,0
DA:5,0
DA:6,0
DA:7,0
DA:8,0
DA:12,2
DA:13,2
DA:14,2
DA:18,2
DA:23,2
DA:24,2
DA:26,1
DA:27,1
DA:29,1
DA:31,1
DA:32,0
DA:33,0
DA:34,0
DA:37,1
DA:38,1
DA:40,2
DA:41,2
DA:45,0
DA:46,0
DA:47,0
DA:50,0
DA:51,0
DA:53,0
DA:55,0
DA:56,0
DA:57,0
DA:58,0
DA:61,0
DA:63,0
DA:64,0
DA:65,0
DA:66,0
DA:67,0
DA:69,0
DA:70,0
DA:71,0
DA:74,0
DA:79,0
DA:87,0
DA:88,0
DA:89,0
DA:90,0
DA:91,0
DA:93,0
DA:94,0
DA:95,0
DA:98,0
DA:99,0
DA:100,0
DA:101,0
DA:103,0
DA:109,0
DA:110,0
DA:111,0
DA:113,0
DA:115,0
DA:116,0
DA:119,1
DA:120,0
DA:122,0
DA:123,0
DA:124,0
DA:126,0
DA:127,0
DA:129,0
DA:130,0
DA:131,0
DA:132,0
DA:134,0
DA:135,0
DA:136,0
DA:139,0
DA:142,1
DA:143,1
LF:81
LH:19
BRDA:3,0,0,0
BRDA:3,0,1,1
BRDA:24,1,0,1
BRDA:24,1,1,1
BRDA:29,2,0,1
BRDA:29,2,1,0
BRDA:31,3,0,0
BRDA:31,3,1,1
BRDA:31,4,0,1
BRDA:31,4,1,1
BRDA:45,5,0,0
BRDA:45,5,1,0
BRDA:50,6,0,0
BRDA:50,6,1,0
BRDA:51,7,0,0
BRDA:51,7,1,0
BRDA:55,8,0,0
BRDA:55,8,1,0
BRDA:81,9,0,0
BRDA:81,9,1,0
BRDA:87,10,0,0
BRDA:87,10,1,0
BRDA:100,11,0,0
BRDA:100,11,1,0
BRDA:116,12,0,0
BRDA:116,12,1,0
BRDA:120,13,0,0
BRDA:120,13,1,0
BRDA:134,14,0,0
BRDA:134,14,1,0
BRDA:142,15,0,1
BRDA:142,15,1,0
BRF:32
BRH:8
end_of_record
