TN:
SF:server/controllers/questionsController.js
FN:3,show
FN:13,getBySubjectCat
FNF:2
FNH:2
FNDA:2,show
FNDA:2,getBySubjectCat
DA:1,1
DA:4,2
DA:5,2
DA:6,2
DA:7,1
DA:9,1
DA:14,2
DA:15,2
DA:18,2
DA:19,0
DA:21,2
DA:24,1
DA:26,1
DA:40,1
LF:14
LH:13
BRDA:18,0,0,0
BRDA:18,0,1,2
BRF:2
BRH:1
end_of_record
TN:
SF:server/db/connect.js
FNF:0
FNH:0
DA:1,4
DA:3,4
DA:7,4
LF:3
LH:3
BRF:0
BRH:0
end_of_record
TN:
SF:server/models/Questions.js
FN:4,(anonymous_0)
FN:15,(anonymous_1)
FN:24,(anonymous_2)
FN:29,(anonymous_3)
FN:33,(anonymous_4)
FN:38,(anonymous_5)
FNF:6
FNH:6
FNDA:7,(anonymous_0)
FNDA:2,(anonymous_1)
FNDA:2,(anonymous_2)
FNDA:1,(anonymous_3)
FNDA:2,(anonymous_4)
FNDA:1,(anonymous_5)
DA:1,2
DA:5,7
DA:6,7
DA:7,7
DA:8,7
DA:9,7
DA:10,7
DA:11,7
DA:12,7
DA:16,2
DA:17,2
DA:18,1
DA:20,1
DA:25,2
DA:26,2
DA:27,1
DA:29,1
DA:34,2
DA:35,2
DA:36,1
DA:38,1
DA:52,2
LF:22
LH:22
BRDA:17,0,0,1
BRDA:17,0,1,1
BRDA:24,1,0,0
BRDA:26,2,0,1
BRDA:26,2,1,1
BRDA:33,3,0,0
BRDA:35,4,0,1
BRDA:35,4,1,1
BRF:8
BRH:6
end_of_record
TN:
SF:server/models/User.js
FN:6,(anonymous_0)
FN:14,(anonymous_1)
FN:24,(anonymous_2)
FN:36,(anonymous_3)
FN:69,(anonymous_4)
FNF:5
FNH:5
FNDA:7,(anonymous_0)
FNDA:2,(anonymous_1)
FNDA:2,(anonymous_2)
FNDA:3,(anonymous_3)
FNDA:3,(anonymous_4)
DA:1,1
DA:3,1
DA:7,7
DA:8,7
DA:9,7
DA:10,7
DA:11,7
DA:15,2
DA:18,2
DA:19,1
DA:21,1
DA:25,2
DA:30,2
DA:31,1
DA:33,1
DA:38,3
DA:41,3
DA:42,1
DA:45,2
DA:46,2
DA:53,1
DA:54,0
DA:57,1
DA:58,1
DA:61,1
DA:63,1
DA:65,0
DA:70,3
DA:73,3
DA:74,3
DA:75,3
DA:76,3
DA:78,3
DA:79,3
DA:87,2
DA:88,1
DA:90,1
DA:94,2
DA:95,1
DA:97,1
DA:103,1
LF:41
LH:39
BRDA:18,0,0,1
BRDA:18,0,1,1
BRDA:30,1,0,1
BRDA:30,1,1,1
BRDA:41,2,0,1
BRDA:41,2,1,2
BRDA:41,3,0,3
BRDA:41,3,1,2
BRDA:41,3,2,2
BRDA:41,3,3,2
BRDA:53,4,0,0
BRDA:53,4,1,1
BRDA:61,5,0,1
BRDA:61,5,1,0
BRDA:74,6,0,3
BRDA:74,6,1,0
BRDA:87,7,0,1
BRDA:87,7,1,1
BRDA:94,8,0,1
BRDA:94,8,1,1
BRF:20
BRH:17
end_of_record
TN:
SF:server/models/UserStats.js
FN:4,(anonymous_0)
FN:17,(anonymous_1)
FN:28,(anonymous_2)
FN:47,(anonymous_3)
FNF:4
FNH:4
FNDA:5,(anonymous_0)
FNDA:2,(anonymous_1)
FNDA:2,(anonymous_2)
FNDA:2,(anonymous_3)
DA:1,1
DA:5,5
DA:6,5
DA:7,5
DA:8,5
DA:9,5
DA:10,5
DA:11,5
DA:12,5
DA:13,5
DA:19,2
DA:21,2
DA:22,1
DA:24,1
DA:29,2
DA:30,2
DA:32,2
DA:34,2
DA:35,1
DA:40,1
DA:42,1
DA:48,2
DA:50,2
DA:61,2
DA:62,1
DA:64,1
DA:69,1
LF:27
LH:27
BRDA:21,0,0,1
BRDA:21,0,1,1
BRDA:34,1,0,1
BRDA:34,1,1,1
BRDA:61,2,0,1
BRDA:61,2,1,1
BRF:6
BRH:6
end_of_record
